#
# A fatal error has been detected by the Java Runtime Environment:
#
#  EXCEPTION_ACCESS_VIOLATION (0xc0000005) at pc=0x00007ffbdc8cb5b6, pid=18864, tid=33412
#
# JRE version: OpenJDK Runtime Environment Temurin-21.0.6+7 (21.0.6+7) (build 21.0.6+7-LTS)
# Java VM: OpenJDK 64-Bit Server VM Temurin-21.0.6+7 (21.0.6+7-LTS, mixed mode, sharing, tiered, compressed oops, compressed class ptrs, g1 gc, windows-amd64)
# Problematic frame:
# C  [awt.dll+0xdb5b6]
#
# No core dump will be written. Minidumps are not enabled by default on client versions of Windows
#
# If you would like to submit a bug report, please visit:
#   https://github.com/adoptium/adoptium-support/issues
# The crash happened outside the Java Virtual Machine in native code.
# See problematic frame for where to report the bug.
#

---------------  S U M M A R Y ------------

Command Line: -ea -agentlib:jdwp=transport=dt_shmem,address=javadebug -Dfile.encoding=UTF-8 bluej.runtime.ExecServer UTF-8

Host: Intel(R) Core(TM) 7 150U, 12 cores, 15G,  Windows 11 , 64 bit Build 26100 (10.0.26100.6725)
Time: Sat Nov 15 21:24:13 2025 Central Standard Time elapsed time: 27.110713 seconds (0d 0h 0m 27s)

---------------  T H R E A D  ---------------

Current thread (0x0000025a851f4ca0):  JavaThread "AWT-EventQueue-0"        [_thread_in_native, id=33412, stack(0x0000005e35100000,0x0000005e35200000) (1024K)]

Stack: [0x0000005e35100000,0x0000005e35200000],  sp=0x0000005e351fe800,  free space=1018k
Native frames: (J=compiled Java code, j=interpreted, Vv=VM code, C=native code)
C  [awt.dll+0xdb5b6]

Java frames: (J=compiled Java code, j=interpreted, Vv=VM code)
j  sun.awt.Win32GraphicsDevice.initNativeScale(I)V+0 java.desktop@21.0.6
j  sun.awt.Win32GraphicsDevice.initScaleFactors()V+60 java.desktop@21.0.6
j  sun.awt.Win32GraphicsDevice.displayChanged()V+16 java.desktop@21.0.6
j  sun.awt.Win32GraphicsEnvironment.displayChanged()V+271 java.desktop@21.0.6
j  sun.awt.windows.WToolkit.lambda$displayChanged$4()V+15 java.desktop@21.0.6
j  sun.awt.windows.WToolkit$$Lambda+0x0000025a4106f358.run()V+0 java.desktop@21.0.6
j  java.awt.event.InvocationEvent.dispatch()V+47 java.desktop@21.0.6
j  java.awt.EventQueue.dispatchEventImpl(Ljava/awt/AWTEvent;Ljava/lang/Object;)V+21 java.desktop@21.0.6
j  java.awt.EventQueue$4.run()Ljava/lang/Void;+32 java.desktop@21.0.6
j  java.awt.EventQueue$4.run()Ljava/lang/Object;+1 java.desktop@21.0.6
j  java.security.AccessController.executePrivileged(Ljava/security/PrivilegedAction;Ljava/security/AccessControlContext;Ljava/lang/Class;)Ljava/lang/Object;+29 java.base@21.0.6
j  java.security.AccessController.doPrivileged(Ljava/security/PrivilegedAction;Ljava/security/AccessControlContext;)Ljava/lang/Object;+13 java.base@21.0.6
j  java.security.ProtectionDomain$JavaSecurityAccessImpl.doIntersectionPrivilege(Ljava/security/PrivilegedAction;Ljava/security/AccessControlContext;Ljava/security/AccessControlContext;)Ljava/lang/Object;+18 java.base@21.0.6
j  java.awt.EventQueue.dispatchEvent(Ljava/awt/AWTEvent;)V+46 java.desktop@21.0.6
j  java.awt.EventDispatchThread.pumpOneEventForFilters(I)V+81 java.desktop@21.0.6
j  java.awt.EventDispatchThread.pumpEventsForFilter(ILjava/awt/Conditional;Ljava/awt/EventFilter;)V+35 java.desktop@21.0.6
j  java.awt.EventDispatchThread.pumpEventsForHierarchy(ILjava/awt/Conditional;Ljava/awt/Component;)V+11 java.desktop@21.0.6
j  java.awt.EventDispatchThread.pumpEvents(ILjava/awt/Conditional;)V+4 java.desktop@21.0.6
j  java.awt.EventDispatchThread.pumpEvents(Ljava/awt/Conditional;)V+3 java.desktop@21.0.6
j  java.awt.EventDispatchThread.run()V+9 java.desktop@21.0.6
v  ~StubRoutines::call_stub 0x0000025a2ff6100d

siginfo: EXCEPTION_ACCESS_VIOLATION (0xc0000005), reading address 0xffffffffffffffff


Registers:
RAX=0xf202000000000000, RBX=0x0000025a3fd4d5e0, RCX=0xf202000000000000, RDX=0x0000000000000000
RSP=0x0000005e351fe800, RBP=0x0000005e351fe8e0, RSI=0x0000000000000000, RDI=0x0000000000000000
R8 =0x0000000000000001, R9 =0x0000005e3351f000, R10=0x0000025a2ff70787, R11=0x0000000000000100
R12=0x0000000000000000, R13=0x0000025a812403b8, R14=0x0000005e351fe908, R15=0x0000025a851f4ca0
RIP=0x00007ffbdc8cb5b6, EFLAGS=0x0000000000010206

XMM[0]=0x0000000000000000 0x0000000000000000
XMM[1]=0x0000000000000000 0x00000000bf800000
XMM[2]=0x0000000000000000 0x0000000000000000
XMM[3]=0x0000000000000000 0x0000000000000000
XMM[4]=0x0000000000000000 0x0000000000000000
XMM[5]=0x0000000000000000 0x0000000000000000
XMM[6]=0x0000000000000000 0x0000000000000000
XMM[7]=0x0000000000000000 0x0000000000000000
XMM[8]=0x0000000000000000 0x0000000000000000
XMM[9]=0x0000000000000000 0x0000000000000000
XMM[10]=0x0000000000000000 0x0000000000000000
XMM[11]=0x0000000000000000 0x0000000000000000
XMM[12]=0x0000000000000000 0x0000000000000000
XMM[13]=0x0000000000000000 0x0000000000000000
XMM[14]=0x0000000000000000 0x0000000000000000
XMM[15]=0x0000000000000000 0x0000000000000000
  MXCSR=0x00001fa0


Register to memory mapping:

RAX=0xf202000000000000 is an unknown value
RBX=0x0000025a3fd4d5e0 points into unknown readable memory: 0x0000025a3fd4d180 | 80 d1 d4 3f 5a 02 00 00
RCX=0xf202000000000000 is an unknown value
RDX=0x0 is null
RSP=0x0000005e351fe800 is pointing into the stack for thread: 0x0000025a851f4ca0
RBP=0x0000005e351fe8e0 is pointing into the stack for thread: 0x0000025a851f4ca0
RSI=0x0 is null
RDI=0x0 is null
R8 =0x0000000000000001 is an unknown value
R9 =0x0000005e3351f000 points into unknown readable memory: 0x0000000000000000 | 00 00 00 00 00 00 00 00
R10=0x0000025a2ff70787 is at code_begin+1927 in an Interpreter codelet
native method entry point (kind = native)  [0x0000025a2ff70000, 0x0000025a2ff71238]  4664 bytes
R11=0x0000000000000100 is an unknown value
R12=0x0 is null
R13={method} {0x0000025a812403c0} 'initNativeScale' '(I)V' in 'sun/awt/Win32GraphicsDevice'
R14=0x0000005e351fe908 is pointing into the stack for thread: 0x0000025a851f4ca0
R15=0x0000025a851f4ca0 is a thread

Top of Stack: (sp=0x0000005e351fe800)
0x0000005e351fe800:   0000025a3fd4d5e0 0000025a2ff695b8
0x0000005e351fe810:   0000000000000000 0000025a3fd4d5e0
0x0000005e351fe820:   0000025a3fd4d5e0 00007ffbdc8ccdf2
0x0000005e351fe830:   00007ffbdc92a848 0000025a812403b8
0x0000005e351fe840:   0000000000000000 00007ffbc1e2d328
0x0000005e351fe850:   0000025a2ff696b9 0000025a2ff707b6
0x0000005e351fe860:   0000025a812403b8 0000025a851f4ca0
0x0000005e351fe870:   0000000000000000 0000000000000000
0x0000005e351fe880:   0000005e351fe8e0 0000000000000002
0x0000005e351fe890:   00000007140e1750 0000005e351fe898
0x0000005e351fe8a0:   0000000000000000 0000000000000005
0x0000005e351fe8b0:   0000025a812433f0 0000000000000000
0x0000005e351fe8c0:   00000007143c46b0 0000025a812403b8
0x0000005e351fe8d0:   0000000000000000 0000005e351fe900
0x0000005e351fe8e0:   0000005e351fe958 0000025a2ff691b4
0x0000005e351fe8f0:   0000000000000000 0000025a2ff6c6f7
0x0000005e351fe900:   0000000000000000 00000007143c5058
0x0000005e351fe910:   0000005e351fe910 0000025a81240a0c
0x0000005e351fe920:   0000000000000002 0000025a812433f0
0x0000005e351fe930:   0000000000000000 00000007143c46b0
0x0000005e351fe940:   0000025a81240a58 0000005e351fe900
0x0000005e351fe950:   0000005e351fe968 0000005e351fe9b8
0x0000005e351fe960:   0000025a2ff691b4 00000007143c5058
0x0000005e351fe970:   0000005e351fe970 0000025a812422d0
0x0000005e351fe980:   0000000000000003 0000025a812433f0
0x0000005e351fe990:   0000000000000000 00000007143c46b0
0x0000005e351fe9a0:   0000025a81242318 0000005e351fe968
0x0000005e351fe9b0:   0000005e351fe9d0 0000005e351fea20
0x0000005e351fe9c0:   0000025a2ff691b4 0000000000000000
0x0000005e351fe9d0:   00000007143c5058 0000005e351fe9d8
0x0000005e351fe9e0:   0000025a8122fb8f 0000000000000008
0x0000005e351fe9f0:   0000025a81233a60 0000000000000000 

Instructions: (pc=0x00007ffbdc8cb5b6)
0x00007ffbdc8cb4b6:   00 68 00 00 00 0f 11 44 24 34 0f 11 44 24 44 0f
0x00007ffbdc8cb4c6:   11 44 24 54 0f 11 44 24 64 0f 11 44 24 74 0f 11
0x00007ffbdc8cb4d6:   84 24 84 00 00 00 89 84 24 94 00 00 00 c7 44 24
0x00007ffbdc8cb4e6:   30 68 00 00 00 48 8d 94 24 a0 00 00 00 48 8b cd
0x00007ffbdc8cb4f6:   ff 15 cc 88 06 00 85 c0 74 40 48 8d 54 24 30 48
0x00007ffbdc8cb506:   8b ce ff 15 ba 88 06 00 85 c0 74 2e 48 8d 54 24
0x00007ffbdc8cb516:   34 48 8d 8c 24 a4 00 00 00 ff 15 eb 83 06 00 85
0x00007ffbdc8cb526:   c0 74 17 48 8d 54 24 44 48 8d 8c 24 b4 00 00 00
0x00007ffbdc8cb536:   ff 15 d4 83 06 00 85 c0 75 11 ff c7 3b 7b 0c 0f
0x00007ffbdc8cb546:   8c 15 ff ff ff 8b 3d 4f be 06 00 48 8b cb e8 b7
0x00007ffbdc8cb556:   c9 f4 ff 90 8b c7 48 8b 8c 24 10 01 00 00 48 33
0x00007ffbdc8cb566:   cc e8 54 02 01 00 4c 8d 9c 24 20 01 00 00 49 8b
0x00007ffbdc8cb576:   5b 18 49 8b 6b 20 49 8b 73 28 49 8b e3 5f c3 cc
0x00007ffbdc8cb586:   cc cc cc cc cc cc cc cc cc cc 48 8b 41 08 48 8b
0x00007ffbdc8cb596:   80 18 0c 00 00 c3 cc cc cc cc 48 8b 41 08 48 05
0x00007ffbdc8cb5a6:   00 04 00 00 c3 cc cc cc cc cc 40 53 48 83 ec 20
0x00007ffbdc8cb5b6:   83 79 50 00 48 8b d9 75 56 48 8b 49 28 4c 8d 44
0x00007ffbdc8cb5c6:   24 38 48 8d 54 24 30 c7 44 24 30 00 00 80 bf c7
0x00007ffbdc8cb5d6:   44 24 38 00 00 80 bf e8 be e1 00 00 f3 0f 10 54
0x00007ffbdc8cb5e6:   24 30 0f 57 c0 0f 2f d0 76 25 f3 0f 10 4c 24 38
0x00007ffbdc8cb5f6:   0f 2f c8 76 1a f3 0f 5e 15 09 a7 02 00 f3 0f 5e
0x00007ffbdc8cb606:   0d 01 a7 02 00 f3 0f 11 53 48 f3 0f 11 4b 4c 48
0x00007ffbdc8cb616:   83 c4 20 5b c3 cc cc cc cc cc 48 89 5c 24 10 48
0x00007ffbdc8cb626:   89 74 24 18 48 89 7c 24 20 41 56 48 83 ec 40 48
0x00007ffbdc8cb636:   8b d9 48 83 79 18 00 75 14 b9 28 04 00 00 e8 97
0x00007ffbdc8cb646:   97 00 00 48 89 43 18 c7 00 28 00 00 00 48 8b 43
0x00007ffbdc8cb656:   18 33 ff 66 89 78 0e 48 8b 4b 28 e8 5a 03 00 00
0x00007ffbdc8cb666:   48 8b f0 ba 01 00 00 00 44 8b c2 48 8b c8 ff 15
0x00007ffbdc8cb676:   b6 7f 06 00 4c 8b f0 89 7c 24 30 48 8b 4b 18 48
0x00007ffbdc8cb686:   89 4c 24 28 48 89 7c 24 20 44 8d 4f 01 45 33 c0
0x00007ffbdc8cb696:   48 8b d0 48 8b ce ff 15 6e 80 06 00 48 8b 53 30
0x00007ffbdc8cb6a6:   48 8b 0b 83 79 04 08 0f 8e 01 02 00 00 f6 42 24 


Stack slot to memory mapping:

stack at sp + 0 slots: 0x0000025a3fd4d5e0 points into unknown readable memory: 0x0000025a3fd4d180 | 80 d1 d4 3f 5a 02 00 00
stack at sp + 1 slots: 0x0000025a2ff695b8 is at code_begin+4408 in an Interpreter codelet
return entry points  [0x0000025a2ff68480, 0x0000025a2ff6a590]  8464 bytes
stack at sp + 2 slots: 0x0 is null
stack at sp + 3 slots: 0x0000025a3fd4d5e0 points into unknown readable memory: 0x0000025a3fd4d180 | 80 d1 d4 3f 5a 02 00 00
stack at sp + 4 slots: 0x0000025a3fd4d5e0 points into unknown readable memory: 0x0000025a3fd4d180 | 80 d1 d4 3f 5a 02 00 00
stack at sp + 5 slots: 0x00007ffbdc8ccdf2 awt.dll
stack at sp + 6 slots: 0x00007ffbdc92a848 awt.dll
stack at sp + 7 slots: {method} {0x0000025a812403c0} 'initNativeScale' '(I)V' in 'sun/awt/Win32GraphicsDevice'


---------------  P R O C E S S  ---------------

Threads class SMR info:
_java_thread_list=0x0000025a851f4970, length=20, elements={
0x0000025a3fa6bb70, 0x0000025a3fa6c7c0, 0x0000025a3fa70b00, 0x0000025a3fa73560,
0x0000025a3fa73fb0, 0x0000025a3fa74a00, 0x0000025a3fa75780, 0x0000025a3fa7a4b0,
0x0000025a3fbdb320, 0x0000025a3fbee9a0, 0x0000025a3fbdeb40, 0x0000025a3fbe0170,
0x0000025a3fc005d0, 0x0000025a8518abb0, 0x0000025a851989a0, 0x0000025a851b4a60,
0x0000025a20349910, 0x0000025a3fd4d6a0, 0x0000025a8518ecd0, 0x0000025a851f4ca0
}

Java Threads: ( => current thread )
  0x0000025a3fa6bb70 JavaThread "Reference Handler"          daemon [_thread_blocked, id=26660, stack(0x0000005e34100000,0x0000005e34200000) (1024K)]
  0x0000025a3fa6c7c0 JavaThread "Finalizer"                  daemon [_thread_blocked, id=7128, stack(0x0000005e34200000,0x0000005e34300000) (1024K)]
  0x0000025a3fa70b00 JavaThread "Signal Dispatcher"          daemon [_thread_blocked, id=39788, stack(0x0000005e34300000,0x0000005e34400000) (1024K)]
  0x0000025a3fa73560 JavaThread "Attach Listener"            daemon [_thread_blocked, id=40548, stack(0x0000005e34400000,0x0000005e34500000) (1024K)]
  0x0000025a3fa73fb0 JavaThread "Service Thread"             daemon [_thread_blocked, id=38536, stack(0x0000005e34500000,0x0000005e34600000) (1024K)]
  0x0000025a3fa74a00 JavaThread "Monitor Deflation Thread"   daemon [_thread_blocked, id=20920, stack(0x0000005e34600000,0x0000005e34700000) (1024K)]
  0x0000025a3fa75780 JavaThread "C2 CompilerThread0"         daemon [_thread_blocked, id=20200, stack(0x0000005e34700000,0x0000005e34800000) (1024K)]
  0x0000025a3fa7a4b0 JavaThread "C1 CompilerThread0"         daemon [_thread_blocked, id=32792, stack(0x0000005e34800000,0x0000005e34900000) (1024K)]
  0x0000025a3fbdb320 JavaThread "JDWP Transport Listener: dt_shmem" daemon [_thread_blocked, id=29236, stack(0x0000005e34900000,0x0000005e34a00000) (1024K)]
  0x0000025a3fbee9a0 JavaThread "JDWP Event Helper Thread"   daemon [_thread_blocked, id=29808, stack(0x0000005e34a00000,0x0000005e34b00000) (1024K)]
  0x0000025a3fbdeb40 JavaThread "JDWP Command Reader"        daemon [_thread_in_native, id=15588, stack(0x0000005e34b00000,0x0000005e34c00000) (1024K)]
  0x0000025a3fbe0170 JavaThread "Notification Thread"        daemon [_thread_blocked, id=40068, stack(0x0000005e34c00000,0x0000005e34d00000) (1024K)]
  0x0000025a3fc005d0 JavaThread "Common-Cleaner"             daemon [_thread_blocked, id=39188, stack(0x0000005e34d00000,0x0000005e34e00000) (1024K)]
  0x0000025a8518abb0 JavaThread "Java2D Disposer"            daemon [_thread_blocked, id=28488, stack(0x0000005e34e00000,0x0000005e34f00000) (1024K)]
  0x0000025a851989a0 JavaThread "AWT-Windows"                daemon [_thread_in_native, id=33968, stack(0x0000005e35000000,0x0000005e35100000) (1024K)]
  0x0000025a851b4a60 JavaThread "BlueJ worker thread"               [_thread_blocked, id=18480, stack(0x0000005e35200000,0x0000005e35300000) (1024K)]
  0x0000025a20349910 JavaThread "DestroyJavaVM"                     [_thread_blocked, id=19200, stack(0x0000005e33900000,0x0000005e33a00000) (1024K)]
  0x0000025a3fd4d6a0 JavaThread "main"                              [_thread_blocked, id=40496, stack(0x0000005e35300000,0x0000005e35400000) (1024K)]
  0x0000025a8518ecd0 JavaThread "AWT-Shutdown"                      [_thread_blocked, id=25332, stack(0x0000005e34f00000,0x0000005e35000000) (1024K)]
=>0x0000025a851f4ca0 JavaThread "AWT-EventQueue-0"                  [_thread_in_native, id=33412, stack(0x0000005e35100000,0x0000005e35200000) (1024K)]
Total: 20

Other Threads:
  0x0000025a3fa51e60 VMThread "VM Thread"                           [id=39108, stack(0x0000005e34000000,0x0000005e34100000) (1024K)]
  0x0000025a3fa391f0 WatcherThread "VM Periodic Task Thread"        [id=40712, stack(0x0000005e33f00000,0x0000005e34000000) (1024K)]
  0x0000025a203aee00 WorkerThread "GC Thread#0"                     [id=16036, stack(0x0000005e33a00000,0x0000005e33b00000) (1024K)]
  0x0000025a203bf8f0 ConcurrentGCThread "G1 Main Marker"            [id=13452, stack(0x0000005e33b00000,0x0000005e33c00000) (1024K)]
  0x0000025a203c03f0 WorkerThread "G1 Conc#0"                       [id=10260, stack(0x0000005e33c00000,0x0000005e33d00000) (1024K)]
  0x0000025a3f9081c0 ConcurrentGCThread "G1 Refine#0"               [id=37132, stack(0x0000005e33d00000,0x0000005e33e00000) (1024K)]
  0x0000025a3f9089e0 ConcurrentGCThread "G1 Service"                [id=22956, stack(0x0000005e33e00000,0x0000005e33f00000) (1024K)]
Total: 7

Threads with active compile tasks:
Total: 0

VM state: not at safepoint (normal execution)

VM Mutex/Monitor currently owned by a thread: None

Heap address: 0x0000000704e00000, size: 4018 MB, Compressed Oops mode: Zero based, Oop shift amount: 3

CDS archive(s) mapped at: [0x0000025a40000000-0x0000025a40c80000-0x0000025a40c80000), size 13107200, SharedBaseAddress: 0x0000025a40000000, ArchiveRelocationMode: 1.
Compressed class space mapped at: 0x0000025a41000000-0x0000025a81000000, reserved size: 1073741824
Narrow klass base: 0x0000025a40000000, Narrow klass shift: 0, Narrow klass range: 0x100000000

GC Precious Log:
 CardTable entry size: 512
 Card Set container configuration: InlinePtr #cards 4 size 8 Array Of Cards #cards 16 size 48 Howl #buckets 8 coarsen threshold 3686 Howl Bitmap #cards 512 size 80 coarsen threshold 460 Card regions per heap region 1 cards per card region 4096
 CPUs: 12 total, 12 available
 Memory: 16068M
 Large Page Support: Disabled
 NUMA Support: Disabled
 Compressed Oops: Enabled (Zero based)
 Heap Region Size: 2M
 Heap Min Capacity: 8M
 Heap Initial Capacity: 252M
 Heap Max Capacity: 4018M
 Pre-touch: Disabled
 Parallel Workers: 10
 Concurrent Workers: 3
 Concurrent Refinement Workers: 10
 Periodic GC: Disabled

Heap:
 garbage-first heap   total 258048K, used 8192K [0x0000000704e00000, 0x0000000800000000)
  region size 2048K, 5 young (10240K), 0 survivors (0K)
 Metaspace       used 2765K, committed 2880K, reserved 1114112K
  class space    used 254K, committed 320K, reserved 1048576K

Heap Regions: E=young(eden), S=young(survivor), O=old, HS=humongous(starts), HC=humongous(continues), CS=collection set, F=free, TAMS=top-at-mark-start, PB=parsable bottom
|   0|0x0000000704e00000, 0x0000000704e00000, 0x0000000705000000|  0%| F|  |TAMS 0x0000000704e00000| PB 0x0000000704e00000| Untracked 
|   1|0x0000000705000000, 0x0000000705000000, 0x0000000705200000|  0%| F|  |TAMS 0x0000000705000000| PB 0x0000000705000000| Untracked 
|   2|0x0000000705200000, 0x0000000705200000, 0x0000000705400000|  0%| F|  |TAMS 0x0000000705200000| PB 0x0000000705200000| Untracked 
|   3|0x0000000705400000, 0x0000000705400000, 0x0000000705600000|  0%| F|  |TAMS 0x0000000705400000| PB 0x0000000705400000| Untracked 
|   4|0x0000000705600000, 0x0000000705600000, 0x0000000705800000|  0%| F|  |TAMS 0x0000000705600000| PB 0x0000000705600000| Untracked 
|   5|0x0000000705800000, 0x0000000705800000, 0x0000000705a00000|  0%| F|  |TAMS 0x0000000705800000| PB 0x0000000705800000| Untracked 
|   6|0x0000000705a00000, 0x0000000705a00000, 0x0000000705c00000|  0%| F|  |TAMS 0x0000000705a00000| PB 0x0000000705a00000| Untracked 
|   7|0x0000000705c00000, 0x0000000705c00000, 0x0000000705e00000|  0%| F|  |TAMS 0x0000000705c00000| PB 0x0000000705c00000| Untracked 
|   8|0x0000000705e00000, 0x0000000705e00000, 0x0000000706000000|  0%| F|  |TAMS 0x0000000705e00000| PB 0x0000000705e00000| Untracked 
|   9|0x0000000706000000, 0x0000000706000000, 0x0000000706200000|  0%| F|  |TAMS 0x0000000706000000| PB 0x0000000706000000| Untracked 
|  10|0x0000000706200000, 0x0000000706200000, 0x0000000706400000|  0%| F|  |TAMS 0x0000000706200000| PB 0x0000000706200000| Untracked 
|  11|0x0000000706400000, 0x0000000706400000, 0x0000000706600000|  0%| F|  |TAMS 0x0000000706400000| PB 0x0000000706400000| Untracked 
|  12|0x0000000706600000, 0x0000000706600000, 0x0000000706800000|  0%| F|  |TAMS 0x0000000706600000| PB 0x0000000706600000| Untracked 
|  13|0x0000000706800000, 0x0000000706800000, 0x0000000706a00000|  0%| F|  |TAMS 0x0000000706800000| PB 0x0000000706800000| Untracked 
|  14|0x0000000706a00000, 0x0000000706a00000, 0x0000000706c00000|  0%| F|  |TAMS 0x0000000706a00000| PB 0x0000000706a00000| Untracked 
|  15|0x0000000706c00000, 0x0000000706c00000, 0x0000000706e00000|  0%| F|  |TAMS 0x0000000706c00000| PB 0x0000000706c00000| Untracked 
|  16|0x0000000706e00000, 0x0000000706e00000, 0x0000000707000000|  0%| F|  |TAMS 0x0000000706e00000| PB 0x0000000706e00000| Untracked 
|  17|0x0000000707000000, 0x0000000707000000, 0x0000000707200000|  0%| F|  |TAMS 0x0000000707000000| PB 0x0000000707000000| Untracked 
|  18|0x0000000707200000, 0x0000000707200000, 0x0000000707400000|  0%| F|  |TAMS 0x0000000707200000| PB 0x0000000707200000| Untracked 
|  19|0x0000000707400000, 0x0000000707400000, 0x0000000707600000|  0%| F|  |TAMS 0x0000000707400000| PB 0x0000000707400000| Untracked 
|  20|0x0000000707600000, 0x0000000707600000, 0x0000000707800000|  0%| F|  |TAMS 0x0000000707600000| PB 0x0000000707600000| Untracked 
|  21|0x0000000707800000, 0x0000000707800000, 0x0000000707a00000|  0%| F|  |TAMS 0x0000000707800000| PB 0x0000000707800000| Untracked 
|  22|0x0000000707a00000, 0x0000000707a00000, 0x0000000707c00000|  0%| F|  |TAMS 0x0000000707a00000| PB 0x0000000707a00000| Untracked 
|  23|0x0000000707c00000, 0x0000000707c00000, 0x0000000707e00000|  0%| F|  |TAMS 0x0000000707c00000| PB 0x0000000707c00000| Untracked 
|  24|0x0000000707e00000, 0x0000000707e00000, 0x0000000708000000|  0%| F|  |TAMS 0x0000000707e00000| PB 0x0000000707e00000| Untracked 
|  25|0x0000000708000000, 0x0000000708000000, 0x0000000708200000|  0%| F|  |TAMS 0x0000000708000000| PB 0x0000000708000000| Untracked 
|  26|0x0000000708200000, 0x0000000708200000, 0x0000000708400000|  0%| F|  |TAMS 0x0000000708200000| PB 0x0000000708200000| Untracked 
|  27|0x0000000708400000, 0x0000000708400000, 0x0000000708600000|  0%| F|  |TAMS 0x0000000708400000| PB 0x0000000708400000| Untracked 
|  28|0x0000000708600000, 0x0000000708600000, 0x0000000708800000|  0%| F|  |TAMS 0x0000000708600000| PB 0x0000000708600000| Untracked 
|  29|0x0000000708800000, 0x0000000708800000, 0x0000000708a00000|  0%| F|  |TAMS 0x0000000708800000| PB 0x0000000708800000| Untracked 
|  30|0x0000000708a00000, 0x0000000708a00000, 0x0000000708c00000|  0%| F|  |TAMS 0x0000000708a00000| PB 0x0000000708a00000| Untracked 
|  31|0x0000000708c00000, 0x0000000708c00000, 0x0000000708e00000|  0%| F|  |TAMS 0x0000000708c00000| PB 0x0000000708c00000| Untracked 
|  32|0x0000000708e00000, 0x0000000708e00000, 0x0000000709000000|  0%| F|  |TAMS 0x0000000708e00000| PB 0x0000000708e00000| Untracked 
|  33|0x0000000709000000, 0x0000000709000000, 0x0000000709200000|  0%| F|  |TAMS 0x0000000709000000| PB 0x0000000709000000| Untracked 
|  34|0x0000000709200000, 0x0000000709200000, 0x0000000709400000|  0%| F|  |TAMS 0x0000000709200000| PB 0x0000000709200000| Untracked 
|  35|0x0000000709400000, 0x0000000709400000, 0x0000000709600000|  0%| F|  |TAMS 0x0000000709400000| PB 0x0000000709400000| Untracked 
|  36|0x0000000709600000, 0x0000000709600000, 0x0000000709800000|  0%| F|  |TAMS 0x0000000709600000| PB 0x0000000709600000| Untracked 
|  37|0x0000000709800000, 0x0000000709800000, 0x0000000709a00000|  0%| F|  |TAMS 0x0000000709800000| PB 0x0000000709800000| Untracked 
|  38|0x0000000709a00000, 0x0000000709a00000, 0x0000000709c00000|  0%| F|  |TAMS 0x0000000709a00000| PB 0x0000000709a00000| Untracked 
|  39|0x0000000709c00000, 0x0000000709c00000, 0x0000000709e00000|  0%| F|  |TAMS 0x0000000709c00000| PB 0x0000000709c00000| Untracked 
|  40|0x0000000709e00000, 0x0000000709e00000, 0x000000070a000000|  0%| F|  |TAMS 0x0000000709e00000| PB 0x0000000709e00000| Untracked 
|  41|0x000000070a000000, 0x000000070a000000, 0x000000070a200000|  0%| F|  |TAMS 0x000000070a000000| PB 0x000000070a000000| Untracked 
|  42|0x000000070a200000, 0x000000070a200000, 0x000000070a400000|  0%| F|  |TAMS 0x000000070a200000| PB 0x000000070a200000| Untracked 
|  43|0x000000070a400000, 0x000000070a400000, 0x000000070a600000|  0%| F|  |TAMS 0x000000070a400000| PB 0x000000070a400000| Untracked 
|  44|0x000000070a600000, 0x000000070a600000, 0x000000070a800000|  0%| F|  |TAMS 0x000000070a600000| PB 0x000000070a600000| Untracked 
|  45|0x000000070a800000, 0x000000070a800000, 0x000000070aa00000|  0%| F|  |TAMS 0x000000070a800000| PB 0x000000070a800000| Untracked 
|  46|0x000000070aa00000, 0x000000070aa00000, 0x000000070ac00000|  0%| F|  |TAMS 0x000000070aa00000| PB 0x000000070aa00000| Untracked 
|  47|0x000000070ac00000, 0x000000070ac00000, 0x000000070ae00000|  0%| F|  |TAMS 0x000000070ac00000| PB 0x000000070ac00000| Untracked 
|  48|0x000000070ae00000, 0x000000070ae00000, 0x000000070b000000|  0%| F|  |TAMS 0x000000070ae00000| PB 0x000000070ae00000| Untracked 
|  49|0x000000070b000000, 0x000000070b000000, 0x000000070b200000|  0%| F|  |TAMS 0x000000070b000000| PB 0x000000070b000000| Untracked 
|  50|0x000000070b200000, 0x000000070b200000, 0x000000070b400000|  0%| F|  |TAMS 0x000000070b200000| PB 0x000000070b200000| Untracked 
|  51|0x000000070b400000, 0x000000070b400000, 0x000000070b600000|  0%| F|  |TAMS 0x000000070b400000| PB 0x000000070b400000| Untracked 
|  52|0x000000070b600000, 0x000000070b600000, 0x000000070b800000|  0%| F|  |TAMS 0x000000070b600000| PB 0x000000070b600000| Untracked 
|  53|0x000000070b800000, 0x000000070b800000, 0x000000070ba00000|  0%| F|  |TAMS 0x000000070b800000| PB 0x000000070b800000| Untracked 
|  54|0x000000070ba00000, 0x000000070ba00000, 0x000000070bc00000|  0%| F|  |TAMS 0x000000070ba00000| PB 0x000000070ba00000| Untracked 
|  55|0x000000070bc00000, 0x000000070bc00000, 0x000000070be00000|  0%| F|  |TAMS 0x000000070bc00000| PB 0x000000070bc00000| Untracked 
|  56|0x000000070be00000, 0x000000070be00000, 0x000000070c000000|  0%| F|  |TAMS 0x000000070be00000| PB 0x000000070be00000| Untracked 
|  57|0x000000070c000000, 0x000000070c000000, 0x000000070c200000|  0%| F|  |TAMS 0x000000070c000000| PB 0x000000070c000000| Untracked 
|  58|0x000000070c200000, 0x000000070c200000, 0x000000070c400000|  0%| F|  |TAMS 0x000000070c200000| PB 0x000000070c200000| Untracked 
|  59|0x000000070c400000, 0x000000070c400000, 0x000000070c600000|  0%| F|  |TAMS 0x000000070c400000| PB 0x000000070c400000| Untracked 
|  60|0x000000070c600000, 0x000000070c600000, 0x000000070c800000|  0%| F|  |TAMS 0x000000070c600000| PB 0x000000070c600000| Untracked 
|  61|0x000000070c800000, 0x000000070c800000, 0x000000070ca00000|  0%| F|  |TAMS 0x000000070c800000| PB 0x000000070c800000| Untracked 
|  62|0x000000070ca00000, 0x000000070ca00000, 0x000000070cc00000|  0%| F|  |TAMS 0x000000070ca00000| PB 0x000000070ca00000| Untracked 
|  63|0x000000070cc00000, 0x000000070cc00000, 0x000000070ce00000|  0%| F|  |TAMS 0x000000070cc00000| PB 0x000000070cc00000| Untracked 
|  64|0x000000070ce00000, 0x000000070ce00000, 0x000000070d000000|  0%| F|  |TAMS 0x000000070ce00000| PB 0x000000070ce00000| Untracked 
|  65|0x000000070d000000, 0x000000070d000000, 0x000000070d200000|  0%| F|  |TAMS 0x000000070d000000| PB 0x000000070d000000| Untracked 
|  66|0x000000070d200000, 0x000000070d200000, 0x000000070d400000|  0%| F|  |TAMS 0x000000070d200000| PB 0x000000070d200000| Untracked 
|  67|0x000000070d400000, 0x000000070d400000, 0x000000070d600000|  0%| F|  |TAMS 0x000000070d400000| PB 0x000000070d400000| Untracked 
|  68|0x000000070d600000, 0x000000070d600000, 0x000000070d800000|  0%| F|  |TAMS 0x000000070d600000| PB 0x000000070d600000| Untracked 
|  69|0x000000070d800000, 0x000000070d800000, 0x000000070da00000|  0%| F|  |TAMS 0x000000070d800000| PB 0x000000070d800000| Untracked 
|  70|0x000000070da00000, 0x000000070da00000, 0x000000070dc00000|  0%| F|  |TAMS 0x000000070da00000| PB 0x000000070da00000| Untracked 
|  71|0x000000070dc00000, 0x000000070dc00000, 0x000000070de00000|  0%| F|  |TAMS 0x000000070dc00000| PB 0x000000070dc00000| Untracked 
|  72|0x000000070de00000, 0x000000070de00000, 0x000000070e000000|  0%| F|  |TAMS 0x000000070de00000| PB 0x000000070de00000| Untracked 
|  73|0x000000070e000000, 0x000000070e000000, 0x000000070e200000|  0%| F|  |TAMS 0x000000070e000000| PB 0x000000070e000000| Untracked 
|  74|0x000000070e200000, 0x000000070e200000, 0x000000070e400000|  0%| F|  |TAMS 0x000000070e200000| PB 0x000000070e200000| Untracked 
|  75|0x000000070e400000, 0x000000070e400000, 0x000000070e600000|  0%| F|  |TAMS 0x000000070e400000| PB 0x000000070e400000| Untracked 
|  76|0x000000070e600000, 0x000000070e600000, 0x000000070e800000|  0%| F|  |TAMS 0x000000070e600000| PB 0x000000070e600000| Untracked 
|  77|0x000000070e800000, 0x000000070e800000, 0x000000070ea00000|  0%| F|  |TAMS 0x000000070e800000| PB 0x000000070e800000| Untracked 
|  78|0x000000070ea00000, 0x000000070ea00000, 0x000000070ec00000|  0%| F|  |TAMS 0x000000070ea00000| PB 0x000000070ea00000| Untracked 
|  79|0x000000070ec00000, 0x000000070ec00000, 0x000000070ee00000|  0%| F|  |TAMS 0x000000070ec00000| PB 0x000000070ec00000| Untracked 
|  80|0x000000070ee00000, 0x000000070ee00000, 0x000000070f000000|  0%| F|  |TAMS 0x000000070ee00000| PB 0x000000070ee00000| Untracked 
|  81|0x000000070f000000, 0x000000070f000000, 0x000000070f200000|  0%| F|  |TAMS 0x000000070f000000| PB 0x000000070f000000| Untracked 
|  82|0x000000070f200000, 0x000000070f200000, 0x000000070f400000|  0%| F|  |TAMS 0x000000070f200000| PB 0x000000070f200000| Untracked 
|  83|0x000000070f400000, 0x000000070f400000, 0x000000070f600000|  0%| F|  |TAMS 0x000000070f400000| PB 0x000000070f400000| Untracked 
|  84|0x000000070f600000, 0x000000070f600000, 0x000000070f800000|  0%| F|  |TAMS 0x000000070f600000| PB 0x000000070f600000| Untracked 
|  85|0x000000070f800000, 0x000000070f800000, 0x000000070fa00000|  0%| F|  |TAMS 0x000000070f800000| PB 0x000000070f800000| Untracked 
|  86|0x000000070fa00000, 0x000000070fa00000, 0x000000070fc00000|  0%| F|  |TAMS 0x000000070fa00000| PB 0x000000070fa00000| Untracked 
|  87|0x000000070fc00000, 0x000000070fc00000, 0x000000070fe00000|  0%| F|  |TAMS 0x000000070fc00000| PB 0x000000070fc00000| Untracked 
|  88|0x000000070fe00000, 0x000000070fe00000, 0x0000000710000000|  0%| F|  |TAMS 0x000000070fe00000| PB 0x000000070fe00000| Untracked 
|  89|0x0000000710000000, 0x0000000710000000, 0x0000000710200000|  0%| F|  |TAMS 0x0000000710000000| PB 0x0000000710000000| Untracked 
|  90|0x0000000710200000, 0x0000000710200000, 0x0000000710400000|  0%| F|  |TAMS 0x0000000710200000| PB 0x0000000710200000| Untracked 
|  91|0x0000000710400000, 0x0000000710400000, 0x0000000710600000|  0%| F|  |TAMS 0x0000000710400000| PB 0x0000000710400000| Untracked 
|  92|0x0000000710600000, 0x0000000710600000, 0x0000000710800000|  0%| F|  |TAMS 0x0000000710600000| PB 0x0000000710600000| Untracked 
|  93|0x0000000710800000, 0x0000000710800000, 0x0000000710a00000|  0%| F|  |TAMS 0x0000000710800000| PB 0x0000000710800000| Untracked 
|  94|0x0000000710a00000, 0x0000000710a00000, 0x0000000710c00000|  0%| F|  |TAMS 0x0000000710a00000| PB 0x0000000710a00000| Untracked 
|  95|0x0000000710c00000, 0x0000000710c00000, 0x0000000710e00000|  0%| F|  |TAMS 0x0000000710c00000| PB 0x0000000710c00000| Untracked 
|  96|0x0000000710e00000, 0x0000000710e00000, 0x0000000711000000|  0%| F|  |TAMS 0x0000000710e00000| PB 0x0000000710e00000| Untracked 
|  97|0x0000000711000000, 0x0000000711000000, 0x0000000711200000|  0%| F|  |TAMS 0x0000000711000000| PB 0x0000000711000000| Untracked 
|  98|0x0000000711200000, 0x0000000711200000, 0x0000000711400000|  0%| F|  |TAMS 0x0000000711200000| PB 0x0000000711200000| Untracked 
|  99|0x0000000711400000, 0x0000000711400000, 0x0000000711600000|  0%| F|  |TAMS 0x0000000711400000| PB 0x0000000711400000| Untracked 
| 100|0x0000000711600000, 0x0000000711600000, 0x0000000711800000|  0%| F|  |TAMS 0x0000000711600000| PB 0x0000000711600000| Untracked 
| 101|0x0000000711800000, 0x0000000711800000, 0x0000000711a00000|  0%| F|  |TAMS 0x0000000711800000| PB 0x0000000711800000| Untracked 
| 102|0x0000000711a00000, 0x0000000711a00000, 0x0000000711c00000|  0%| F|  |TAMS 0x0000000711a00000| PB 0x0000000711a00000| Untracked 
| 103|0x0000000711c00000, 0x0000000711c00000, 0x0000000711e00000|  0%| F|  |TAMS 0x0000000711c00000| PB 0x0000000711c00000| Untracked 
| 104|0x0000000711e00000, 0x0000000711e00000, 0x0000000712000000|  0%| F|  |TAMS 0x0000000711e00000| PB 0x0000000711e00000| Untracked 
| 105|0x0000000712000000, 0x0000000712000000, 0x0000000712200000|  0%| F|  |TAMS 0x0000000712000000| PB 0x0000000712000000| Untracked 
| 106|0x0000000712200000, 0x0000000712200000, 0x0000000712400000|  0%| F|  |TAMS 0x0000000712200000| PB 0x0000000712200000| Untracked 
| 107|0x0000000712400000, 0x0000000712400000, 0x0000000712600000|  0%| F|  |TAMS 0x0000000712400000| PB 0x0000000712400000| Untracked 
| 108|0x0000000712600000, 0x0000000712600000, 0x0000000712800000|  0%| F|  |TAMS 0x0000000712600000| PB 0x0000000712600000| Untracked 
| 109|0x0000000712800000, 0x0000000712800000, 0x0000000712a00000|  0%| F|  |TAMS 0x0000000712800000| PB 0x0000000712800000| Untracked 
| 110|0x0000000712a00000, 0x0000000712a00000, 0x0000000712c00000|  0%| F|  |TAMS 0x0000000712a00000| PB 0x0000000712a00000| Untracked 
| 111|0x0000000712c00000, 0x0000000712c00000, 0x0000000712e00000|  0%| F|  |TAMS 0x0000000712c00000| PB 0x0000000712c00000| Untracked 
| 112|0x0000000712e00000, 0x0000000712e00000, 0x0000000713000000|  0%| F|  |TAMS 0x0000000712e00000| PB 0x0000000712e00000| Untracked 
| 113|0x0000000713000000, 0x0000000713000000, 0x0000000713200000|  0%| F|  |TAMS 0x0000000713000000| PB 0x0000000713000000| Untracked 
| 114|0x0000000713200000, 0x0000000713200000, 0x0000000713400000|  0%| F|  |TAMS 0x0000000713200000| PB 0x0000000713200000| Untracked 
| 115|0x0000000713400000, 0x0000000713400000, 0x0000000713600000|  0%| F|  |TAMS 0x0000000713400000| PB 0x0000000713400000| Untracked 
| 116|0x0000000713600000, 0x0000000713600000, 0x0000000713800000|  0%| F|  |TAMS 0x0000000713600000| PB 0x0000000713600000| Untracked 
| 117|0x0000000713800000, 0x0000000713800000, 0x0000000713a00000|  0%| F|  |TAMS 0x0000000713800000| PB 0x0000000713800000| Untracked 
| 118|0x0000000713a00000, 0x0000000713a00000, 0x0000000713c00000|  0%| F|  |TAMS 0x0000000713a00000| PB 0x0000000713a00000| Untracked 
| 119|0x0000000713c00000, 0x0000000713c00000, 0x0000000713e00000|  0%| F|  |TAMS 0x0000000713c00000| PB 0x0000000713c00000| Untracked 
| 120|0x0000000713e00000, 0x0000000713e00000, 0x0000000714000000|  0%| F|  |TAMS 0x0000000713e00000| PB 0x0000000713e00000| Untracked 
| 121|0x0000000714000000, 0x0000000714151ed8, 0x0000000714200000| 66%| E|  |TAMS 0x0000000714000000| PB 0x0000000714000000| Complete 
| 122|0x0000000714200000, 0x0000000714400000, 0x0000000714400000|100%| E|CS|TAMS 0x0000000714200000| PB 0x0000000714200000| Complete 
| 123|0x0000000714400000, 0x0000000714600000, 0x0000000714600000|100%| E|CS|TAMS 0x0000000714400000| PB 0x0000000714400000| Complete 
| 124|0x0000000714600000, 0x0000000714800000, 0x0000000714800000|100%| E|CS|TAMS 0x0000000714600000| PB 0x0000000714600000| Complete 
| 125|0x0000000714800000, 0x0000000714a00000, 0x0000000714a00000|100%| E|CS|TAMS 0x0000000714800000| PB 0x0000000714800000| Complete 

Card table byte_map: [0x0000025a38760000,0x0000025a38f40000] _byte_map_base: 0x0000025a34f39000

Marking Bits: (CMBitMap*) 0x0000025a203af500
 Bits: [0x0000025a38f40000, 0x0000025a3ce08000)

Polling page: 0x0000025a1e180000

Metaspace:

Usage:
  Non-class:      2.45 MB used.
      Class:    254.93 KB used.
       Both:      2.70 MB used.

Virtual space:
  Non-class space:       64.00 MB reserved,       2.50 MB (  4%) committed,  1 nodes.
      Class space:        1.00 GB reserved,     320.00 KB ( <1%) committed,  1 nodes.
             Both:        1.06 GB reserved,       2.81 MB ( <1%) committed. 

Chunk freelists:
   Non-Class:  11.88 MB
       Class:  15.70 MB
        Both:  27.58 MB

MaxMetaspaceSize: unlimited
CompressedClassSpaceSize: 1.00 GB
Initial GC threshold: 21.00 MB
Current GC threshold: 21.00 MB
CDS: on
 - commit_granule_bytes: 65536.
 - commit_granule_words: 8192.
 - virtual_space_node_default_size: 8388608.
 - enlarge_chunks_in_place: 1.
 - use_allocation_guard: 0.


Internal statistics:

num_allocs_failed_limit: 0.
num_arena_births: 90.
num_arena_deaths: 0.
num_vsnodes_births: 2.
num_vsnodes_deaths: 0.
num_space_committed: 45.
num_space_uncommitted: 0.
num_chunks_returned_to_freelist: 0.
num_chunks_taken_from_freelist: 107.
num_chunk_merges: 0.
num_chunk_splits: 69.
num_chunks_enlarged: 32.
num_inconsistent_stats: 0.

CodeHeap 'non-profiled nmethods': size=120000Kb used=146Kb max_used=146Kb free=119853Kb
 bounds [0x0000025a30500000, 0x0000025a30770000, 0x0000025a37a30000]
CodeHeap 'profiled nmethods': size=120000Kb used=549Kb max_used=549Kb free=119451Kb
 bounds [0x0000025a28a30000, 0x0000025a28ca0000, 0x0000025a2ff60000]
CodeHeap 'non-nmethods': size=5760Kb used=1451Kb max_used=1463Kb free=4308Kb
 bounds [0x0000025a2ff60000, 0x0000025a301d0000, 0x0000025a30500000]
 total_blobs=892 nmethods=407 adapters=390
 compilation: enabled
              stopped_count=0, restarted_count=0
 full_count=0

Compilation events (20 events):
Event: 1.362 Thread 0x0000025a3fa75780  396 %     4       java.lang.StringLatin1::indexOfChar @ 7 (33 bytes)
Event: 1.362 Thread 0x0000025a3fa7a4b0  398       3       java.lang.Class::getName (18 bytes)
Event: 1.362 Thread 0x0000025a3fa7a4b0 nmethod 398 0x0000025a28ab5390 code [0x0000025a28ab5540, 0x0000025a28ab56e0]
Event: 1.362 Thread 0x0000025a3fa7a4b0  399       3       java.lang.String::startsWith (123 bytes)
Event: 1.363 Thread 0x0000025a3fa7a4b0 nmethod 399 0x0000025a28ab5790 code [0x0000025a28ab59c0, 0x0000025a28ab6170]
Event: 1.363 Thread 0x0000025a3fa7a4b0  397       3       java.lang.CharacterDataLatin1::getProperties (11 bytes)
Event: 1.363 Thread 0x0000025a3fa7a4b0 nmethod 397 0x0000025a28ab6410 code [0x0000025a28ab65c0, 0x0000025a28ab6708]
Event: 1.365 Thread 0x0000025a3fa75780 nmethod 396% 0x0000025a30523610 code [0x0000025a305237a0, 0x0000025a305239e8]
Event: 3.224 Thread 0x0000025a3fa75780  401       4       java.lang.String::hashCode (60 bytes)
Event: 3.225 Thread 0x0000025a3fa75780 nmethod 401 0x0000025a30523e10 code [0x0000025a30523fa0, 0x0000025a305240b8]
Event: 4.059 Thread 0x0000025a3fa75780  403       4       java.lang.String::length (11 bytes)
Event: 4.060 Thread 0x0000025a3fa7a4b0  404       3       java.lang.invoke.MethodHandle::<init> (37 bytes)
Event: 4.060 Thread 0x0000025a3fa7a4b0 nmethod 404 0x0000025a28ab6810 code [0x0000025a28ab6a40, 0x0000025a28ab6fe0]
Event: 4.060 Thread 0x0000025a3fa7a4b0  405       3       java.lang.invoke.LambdaForm::prepare (108 bytes)
Event: 4.060 Thread 0x0000025a3fa75780 nmethod 403 0x0000025a30524790 code [0x0000025a30524920, 0x0000025a305249d0]
Event: 4.061 Thread 0x0000025a3fa7a4b0 nmethod 405 0x0000025a28ab7290 code [0x0000025a28ab74e0, 0x0000025a28ab7cf8]
Event: 4.061 Thread 0x0000025a3fa7a4b0  406       3       java.util.concurrent.ConcurrentHashMap$Traverser::advance (188 bytes)
Event: 4.061 Thread 0x0000025a3fa7a4b0 nmethod 406 0x0000025a28ab8010 code [0x0000025a28ab8260, 0x0000025a28ab8df8]
Event: 13.445 Thread 0x0000025a3fa7a4b0  407       3       java.util.HashMap::isEmpty (13 bytes)
Event: 13.446 Thread 0x0000025a3fa7a4b0 nmethod 407 0x0000025a28ab9090 code [0x0000025a28ab9220, 0x0000025a28ab9380]

GC Heap History (0 events):
No events

Dll operation events (7 events):
Event: 0.016 Loaded shared library C:\Program Files\BlueJ\jdk\bin\java.dll
Event: 0.066 Loaded shared library C:\Program Files\BlueJ\jdk\bin\jsvml.dll
Event: 0.663 Loaded shared library C:\Program Files\BlueJ\jdk\bin\net.dll
Event: 0.678 Loaded shared library C:\Program Files\BlueJ\jdk\bin\nio.dll
Event: 0.745 Loaded shared library C:\Program Files\BlueJ\jdk\bin\zip.dll
Event: 0.858 Loaded shared library C:\Program Files\BlueJ\jdk\bin\jimage.dll
Event: 0.866 Loaded shared library C:\Program Files\BlueJ\jdk\bin\awt.dll

Deoptimization events (8 events):
Event: 0.809 Thread 0x0000025a20349910 Uncommon trap: trap_request=0xffffff45 fr.pc=0x0000025a30508aa0 relative=0x0000000000000980
Event: 0.809 Thread 0x0000025a20349910 Uncommon trap: reason=unstable_if action=reinterpret pc=0x0000025a30508aa0 method=java.util.zip.ZipFile$Source.checkAndAddEntry(II)I @ 128 c2
Event: 0.809 Thread 0x0000025a20349910 DEOPT PACKING pc=0x0000025a30508aa0 sp=0x0000005e339fa2c0
Event: 0.809 Thread 0x0000025a20349910 DEOPT UNPACKING pc=0x0000025a2ffb46a2 sp=0x0000005e339fa250 mode 2
Event: 0.848 Thread 0x0000025a20349910 Uncommon trap: trap_request=0xffffff45 fr.pc=0x0000025a3050ee78 relative=0x00000000000002b8
Event: 0.848 Thread 0x0000025a20349910 Uncommon trap: reason=unstable_if action=reinterpret pc=0x0000025a3050ee78 method=java.lang.StringLatin1.hashCode([B)I @ 2 c2
Event: 0.848 Thread 0x0000025a20349910 DEOPT PACKING pc=0x0000025a3050ee78 sp=0x0000005e339f9f60
Event: 0.848 Thread 0x0000025a20349910 DEOPT UNPACKING pc=0x0000025a2ffb46a2 sp=0x0000005e339f9e98 mode 2

Classes loaded (20 events):
Event: 4.065 Loading class sun/awt/Win32GraphicsConfig
Event: 4.065 Loading class sun/awt/image/SurfaceManager$ProxiedGraphicsConfig
Event: 4.066 Loading class sun/awt/image/SurfaceManager$ProxiedGraphicsConfig done
Event: 4.066 Loading class java/awt/GraphicsConfiguration
Event: 4.066 Loading class java/awt/GraphicsConfiguration done
Event: 4.066 Loading class sun/awt/Win32GraphicsConfig done
Event: 4.066 Loading class java/awt/Rectangle
Event: 4.067 Loading class java/awt/Shape
Event: 4.067 Loading class java/awt/Shape done
Event: 4.067 Loading class java/awt/geom/Rectangle2D
Event: 4.067 Loading class java/awt/geom/RectangularShape
Event: 4.068 Loading class java/awt/geom/RectangularShape done
Event: 4.068 Loading class java/awt/geom/Rectangle2D done
Event: 4.068 Loading class java/awt/Rectangle done
Event: 6.030 Loading class sun/awt/AppContext$PostShutdownEventRunnable
Event: 6.030 Loading class sun/awt/AppContext$PostShutdownEventRunnable done
Event: 6.031 Loading class sun/awt/AWTAutoShutdown$1
Event: 6.031 Loading class sun/awt/AWTAutoShutdown$1 done
Event: 27.105 Loading class java/util/ArrayList$ListItr
Event: 27.105 Loading class java/util/ArrayList$ListItr done

Classes unloaded (0 events):
No events

Classes redefined (0 events):
No events

Internal exceptions (3 events):
Event: 0.840 Thread 0x0000025a20349910 Exception <a 'java/lang/ClassNotFoundException'{0x00000007144202d8}: sun/awt/resources/spi/awtProvider> (0x00000007144202d8) 
thrown [s\src\hotspot\share\classfile\systemDictionary.cpp, line 312]
Event: 0.882 Thread 0x0000025a20349910 Exception <a 'java/io/FileNotFoundException'{0x0000000714483458}> (0x0000000714483458) 
thrown [s\src\hotspot\share\prims\jni.cpp, line 520]
Event: 0.892 Thread 0x0000025a20349910 Exception <a 'java/io/FileNotFoundException'{0x00000007144add80}> (0x00000007144add80) 
thrown [s\src\hotspot\share\prims\jni.cpp, line 520]

ZGC Phase Switch (0 events):
No events

VM Operations (14 events):
Event: 0.753 Executing VM operation: HandshakeAllThreads (Deoptimize)
Event: 0.753 Executing VM operation: HandshakeAllThreads (Deoptimize) done
Event: 0.823 Executing VM operation: ChangeBreakpoints
Event: 0.824 Executing VM operation: ChangeBreakpoints done
Event: 0.824 Executing VM operation: ChangeBreakpoints
Event: 0.824 Executing VM operation: ChangeBreakpoints done
Event: 0.825 Executing VM operation: ChangeBreakpoints
Event: 0.825 Executing VM operation: ChangeBreakpoints done
Event: 1.833 Executing VM operation: Cleanup
Event: 1.833 Executing VM operation: Cleanup done
Event: 2.131 Executing VM operation: HandshakeAllThreads (Deoptimize)
Event: 2.131 Executing VM operation: HandshakeAllThreads (Deoptimize) done
Event: 4.147 Executing VM operation: Cleanup
Event: 4.147 Executing VM operation: Cleanup done

Memory protections (0 events):
No events

Nmethod flushes (0 events):
No events

Events (20 events):
Event: 0.294 Thread 0x0000025a20349910 Thread added: 0x0000025a3fbe0170
Event: 0.589 Thread 0x0000025a20349910 Thread added: 0x0000025a3fc005d0
Event: 1.092 Thread 0x0000025a20349910 Thread added: 0x0000025a8518abb0
Event: 1.095 Thread 0x0000025a20349910 Thread added: 0x0000025a8518ecd0
Event: 1.100 Thread 0x0000025a20349910 Thread added: 0x0000025a851989a0
Event: 1.134 Thread 0x0000025a20349910 Thread added: 0x0000025a851b4400
Event: 1.134 Thread 0x0000025a20349910 Thread added: 0x0000025a851b4a60
Event: 1.135 Thread 0x0000025a20349910 Thread exited: 0x0000025a20349910
Event: 1.135 Thread 0x0000025a20349910 Thread added: 0x0000025a20349910
Event: 1.359 Thread 0x0000025a851b4400 Thread added: 0x0000025a3fd4d6a0
Event: 1.359 Thread 0x0000025a851b4400 Thread exited: 0x0000025a851b4400
Event: 2.140 Thread 0x0000025a8518ecd0 Thread exited: 0x0000025a8518ecd0
Event: 3.215 Thread 0x0000025a851989a0 Thread added: 0x0000025a8518ecd0
Event: 3.232 Thread 0x0000025a851989a0 Thread added: 0x0000025a851b9b80
Event: 6.031 Thread 0x0000025a8518ecd0 Thread exited: 0x0000025a8518ecd0
Event: 6.031 Thread 0x0000025a851b9b80 Thread exited: 0x0000025a851b9b80
Event: 12.875 Thread 0x0000025a851989a0 Thread added: 0x0000025a8518ecd0
Event: 16.014 Thread 0x0000025a8518ecd0 Thread exited: 0x0000025a8518ecd0
Event: 26.858 Thread 0x0000025a851989a0 Thread added: 0x0000025a8518ecd0
Event: 27.105 Thread 0x0000025a851989a0 Thread added: 0x0000025a851f4ca0


Dynamic libraries:
0x00007ff60df00000 - 0x00007ff60df0e000 	C:\Program Files\BlueJ\jdk\bin\java.exe
0x00007ffc99ec0000 - 0x00007ffc9a128000 	C:\WINDOWS\SYSTEM32\ntdll.dll
0x00007ffc97ca0000 - 0x00007ffc97d69000 	C:\WINDOWS\System32\KERNEL32.DLL
0x00007ffc97180000 - 0x00007ffc97572000 	C:\WINDOWS\System32\KERNELBASE.dll
0x00007ffc97820000 - 0x00007ffc9796b000 	C:\WINDOWS\System32\ucrtbase.dll
0x00007ffc71670000 - 0x00007ffc71688000 	C:\Program Files\BlueJ\jdk\bin\jli.dll
0x00007ffc98cc0000 - 0x00007ffc98e85000 	C:\WINDOWS\System32\USER32.dll
0x00007ffc97970000 - 0x00007ffc97997000 	C:\WINDOWS\System32\win32u.dll
0x00007ffc996e0000 - 0x00007ffc9970b000 	C:\WINDOWS\System32\GDI32.dll
0x00007ffc976f0000 - 0x00007ffc9781d000 	C:\WINDOWS\System32\gdi32full.dll
0x00007ffc97640000 - 0x00007ffc976e3000 	C:\WINDOWS\System32\msvcp_win.dll
0x00007ffc71280000 - 0x00007ffc7129e000 	C:\Program Files\BlueJ\jdk\bin\VCRUNTIME140.dll
0x00007ffc81330000 - 0x00007ffc815c3000 	C:\WINDOWS\WinSxS\amd64_microsoft.windows.common-controls_6595b64144ccf1df_6.0.26100.6899_none_3e0efeeae32e88c1\COMCTL32.dll
0x00007ffc99c80000 - 0x00007ffc99d29000 	C:\WINDOWS\System32\msvcrt.dll
0x00007ffc996a0000 - 0x00007ffc996cf000 	C:\WINDOWS\System32\IMM32.DLL
0x00007ffc8aed0000 - 0x00007ffc8aedc000 	C:\Program Files\BlueJ\jdk\bin\vcruntime140_1.dll
0x00007ffc49270000 - 0x00007ffc492fd000 	C:\Program Files\BlueJ\jdk\bin\msvcp140.dll
0x00007ffbc1420000 - 0x00007ffbc21b0000 	C:\Program Files\BlueJ\jdk\bin\server\jvm.dll
0x00007ffc99d30000 - 0x00007ffc99de4000 	C:\WINDOWS\System32\ADVAPI32.dll
0x00007ffc99710000 - 0x00007ffc997b6000 	C:\WINDOWS\System32\sechost.dll
0x00007ffc99560000 - 0x00007ffc99678000 	C:\WINDOWS\System32\RPCRT4.dll
0x00007ffc99df0000 - 0x00007ffc99e64000 	C:\WINDOWS\System32\WS2_32.dll
0x00007ffc96eb0000 - 0x00007ffc96f0e000 	C:\WINDOWS\SYSTEM32\POWRPROF.dll
0x00007ffc91680000 - 0x00007ffc916b5000 	C:\WINDOWS\SYSTEM32\WINMM.dll
0x00007ffc795e0000 - 0x00007ffc795eb000 	C:\WINDOWS\SYSTEM32\VERSION.dll
0x00007ffc96e90000 - 0x00007ffc96ea4000 	C:\WINDOWS\SYSTEM32\UMPDC.dll
0x00007ffc95e20000 - 0x00007ffc95e3b000 	C:\WINDOWS\SYSTEM32\kernel.appcore.dll
0x00007ffc76f20000 - 0x00007ffc76f2a000 	C:\Program Files\BlueJ\jdk\bin\jimage.dll
0x00007ffc94950000 - 0x00007ffc94b92000 	C:\WINDOWS\SYSTEM32\DBGHELP.DLL
0x00007ffc997c0000 - 0x00007ffc99b3b000 	C:\WINDOWS\System32\combase.dll
0x00007ffc99250000 - 0x00007ffc99327000 	C:\WINDOWS\System32\OLEAUT32.dll
0x00007ffc91620000 - 0x00007ffc9165c000 	C:\WINDOWS\SYSTEM32\dbgcore.DLL
0x00007ffc970e0000 - 0x00007ffc97178000 	C:\WINDOWS\System32\bcryptPrimitives.dll
0x00007ffc48d00000 - 0x00007ffc48d3c000 	C:\Program Files\BlueJ\jdk\bin\jdwp.dll
0x00007ffc70f80000 - 0x00007ffc70f9f000 	C:\Program Files\BlueJ\jdk\bin\java.dll
0x00007ffc97f00000 - 0x00007ffc9864d000 	C:\WINDOWS\System32\SHELL32.dll
0x00007ffc979a0000 - 0x00007ffc97b0b000 	C:\WINDOWS\System32\wintypes.dll
0x00007ffc94c80000 - 0x00007ffc954dd000 	C:\WINDOWS\SYSTEM32\windows.storage.dll
0x00007ffc99150000 - 0x00007ffc99242000 	C:\WINDOWS\System32\SHCORE.dll
0x00007ffc994e0000 - 0x00007ffc99542000 	C:\WINDOWS\System32\shlwapi.dll
0x00007ffc96f70000 - 0x00007ffc96f99000 	C:\WINDOWS\SYSTEM32\profapi.dll
0x00007ffc49000000 - 0x00007ffc490d7000 	C:\Program Files\BlueJ\jdk\bin\jsvml.dll
0x00007ffc711a0000 - 0x00007ffc711ab000 	C:\Program Files\BlueJ\jdk\bin\dt_shmem.dll
0x00007ffc723b0000 - 0x00007ffc723c0000 	C:\Program Files\BlueJ\jdk\bin\net.dll
0x00007ffc8cc80000 - 0x00007ffc8cd9f000 	C:\WINDOWS\SYSTEM32\WINHTTP.dll
0x00007ffc96390000 - 0x00007ffc963fb000 	C:\WINDOWS\system32\mswsock.dll
0x00007ffc70f40000 - 0x00007ffc70f56000 	C:\Program Files\BlueJ\jdk\bin\nio.dll
0x00007ffc70820000 - 0x00007ffc70838000 	C:\Program Files\BlueJ\jdk\bin\zip.dll
0x00007ffbdc7f0000 - 0x00007ffbdc97e000 	C:\Program Files\BlueJ\jdk\bin\awt.dll
0x00007ffc91160000 - 0x00007ffc911ff000 	C:\WINDOWS\SYSTEM32\apphelp.dll
0x00007ffc91380000 - 0x00007ffc9142a000 	C:\WINDOWS\system32\uxtheme.dll
0x00007ffc97da0000 - 0x00007ffc97efb000 	C:\WINDOWS\System32\MSCTF.dll
0x00007ffc99330000 - 0x00007ffc994c8000 	C:\WINDOWS\System32\ole32.dll
0x00007ffc919d0000 - 0x00007ffc919fd000 	C:\WINDOWS\system32\DWMAPI.DLL
0x00007ffbf1230000 - 0x00007ffbf133c000 	C:\WINDOWS\system32\opengl32.dll
0x00007ffc1f9f0000 - 0x00007ffc1fa1d000 	C:\WINDOWS\SYSTEM32\GLU32.dll
0x00007ffc91a00000 - 0x00007ffc91a44000 	C:\WINDOWS\SYSTEM32\dxcore.dll

dbghelp: loaded successfully - version: 4.0.5 - missing functions: none
symbol engine: initialized successfully - sym options: 0x614 - pdb path: .;C:\Program Files\BlueJ\jdk\bin;C:\WINDOWS\SYSTEM32;C:\WINDOWS\WinSxS\amd64_microsoft.windows.common-controls_6595b64144ccf1df_6.0.26100.6899_none_3e0efeeae32e88c1;C:\Program Files\BlueJ\jdk\bin\server

VM Arguments:
jvm_args: -ea -agentlib:jdwp=transport=dt_shmem,address=javadebug -Dfile.encoding=UTF-8 
java_command: bluej.runtime.ExecServer UTF-8
java_class_path (initial): C:\Program Files\BlueJ\lib\bluejcore.jar;C:\Program Files\BlueJ\lib\javafx-base-23.0.2-win.jar;C:\Program Files\BlueJ\lib\javafx-controls-23.0.2-win.jar;C:\Program Files\BlueJ\lib\javafx-fxml-23.0.2-win.jar;C:\Program Files\BlueJ\lib\javafx-graphics-23.0.2-win.jar;C:\Program Files\BlueJ\lib\javafx-media-23.0.2-win.jar;C:\Program Files\BlueJ\lib\javafx-swing-23.0.2-win.jar;C:\Program Files\BlueJ\lib\javafx-web-23.0.2-win.jar;C:\Program Files\BlueJ\lib\junit-4.12.jar;C:\Program Files\BlueJ\lib\junit-jupiter-5.5.2.jar;C:\Program Files\BlueJ\lib\junit-jupiter-api-5.5.2.jar;C:\Program Files\BlueJ\lib\junit-jupiter-engine-5.5.2.jar;C:\Program Files\BlueJ\lib\junit-jupiter-params-5.5.2.jar;C:\Program Files\BlueJ\lib\junit-platform-commons-1.5.2.jar;C:\Program Files\BlueJ\lib\junit-platform-engine-1.5.2.jar;C:\Program Files\BlueJ\lib\junit-platform-launcher-1.5.2.jar;C:\Program Files\BlueJ\lib\junit-platform-suite-api-1.5.2.jar;C:\Program Files\BlueJ\lib\junit-vintage-engine-5.5.2.jar;C:\Program Files\BlueJ\lib\hamcrest-core-1.3.jar;C:\Program Files\BlueJ\lib\opentest4j-1.2.0.jar;C:\Program Files\BlueJ\lib\lang-stride.jar;C:\Program Files\BlueJ\lib\javafx\javafx.base.jar;C:\Program Files\BlueJ\lib\javafx\javafx.controls.jar;C:\Program Files\BlueJ\lib\javafx\javafx.fxml.jar;C:\Program Files\BlueJ\lib\javafx\javafx.graphics.jar;C:\Program Files\BlueJ\lib\javafx\javafx.media.jar;C:\Program Files\BlueJ\lib\javafx\javafx.properties.jar;C:\Program Files\BlueJ\lib\javafx\javafx.swing.jar;C:\Program Files\BlueJ\lib\javafx\javafx.web.jar;C:\Users\cjshe\OneDrive\Documents\Github\colorlabs21-cjshen888\ColorLabs17\mediaComp.jar
Launcher Type: SUN_STANDARD

[Global flags]
     intx CICompilerCount                          = 4                                         {product} {ergonomic}
     uint ConcGCThreads                            = 3                                         {product} {ergonomic}
     uint G1ConcRefinementThreads                  = 10                                        {product} {ergonomic}
   size_t G1HeapRegionSize                         = 2097152                                   {product} {ergonomic}
    uintx GCDrainStackTargetSize                   = 64                                        {product} {ergonomic}
   size_t InitialHeapSize                          = 264241152                                 {product} {ergonomic}
   size_t MarkStackSize                            = 4194304                                   {product} {ergonomic}
   size_t MaxHeapSize                              = 4213178368                                {product} {ergonomic}
   size_t MaxNewSize                               = 2527068160                                {product} {ergonomic}
   size_t MinHeapDeltaBytes                        = 2097152                                   {product} {ergonomic}
   size_t MinHeapSize                              = 8388608                                   {product} {ergonomic}
    uintx NonNMethodCodeHeapSize                   = 5839372                                {pd product} {ergonomic}
    uintx NonProfiledCodeHeapSize                  = 122909434                              {pd product} {ergonomic}
    uintx ProfiledCodeHeapSize                     = 122909434                              {pd product} {ergonomic}
    uintx ReservedCodeCacheSize                    = 251658240                              {pd product} {ergonomic}
     bool SegmentedCodeCache                       = true                                      {product} {ergonomic}
   size_t SoftMaxHeapSize                          = 4213178368                             {manageable} {ergonomic}
     bool UseCompressedOops                        = true                           {product lp64_product} {ergonomic}
     bool UseG1GC                                  = true                                      {product} {ergonomic}
     bool UseLargePagesIndividualAllocation        = false                                  {pd product} {ergonomic}

Logging:
Log output configuration:
 #0: stdout all=warning uptime,level,tags foldmultilines=false
 #1: stderr all=off uptime,level,tags foldmultilines=false

Environment Variables:
PATH=C:\WINDOWS\system32;C:\WINDOWS;C:\WINDOWS\System32\Wbem;C:\WINDOWS\System32\WindowsPowerShell\v1.0\;C:\WINDOWS\System32\OpenSSH\;C:\Program Files\dotnet\;C:\Users\cjshe\AppData\Local\Microsoft\WindowsApps;C:\Users\cjshe\AppData\Local\GitHubDesktop\bin
USERNAME=cjshe
OS=Windows_NT
PROCESSOR_IDENTIFIER=Intel64 Family 6 Model 186 Stepping 3, GenuineIntel
TMP=C:\Users\cjshe\AppData\Local\Temp
TEMP=C:\Users\cjshe\AppData\Local\Temp




Periodic native trim disabled

---------------  S Y S T E M  ---------------

OS:
 Windows 11 , 64 bit Build 26100 (10.0.26100.6725)
OS uptime: 5 days 16:33 hours
Hyper-V role detected

CPU: total 12 (initial active 12) (6 cores per cpu, 2 threads per core) family 6 model 186 stepping 3 microcode 0x4128, cx8, cmov, fxsr, ht, mmx, 3dnowpref, sse, sse2, sse3, ssse3, sse4.1, sse4.2, popcnt, lzcnt, tsc, tscinvbit, avx, avx2, aes, erms, clmul, bmi1, bmi2, adx, sha, fma, vzeroupper, clflush, clflushopt, clwb, hv, serialize, rdtscp, rdpid, fsrm, f16c, cet_ibt, cet_ss
Processor Information for processor 0
  Max Mhz: 1800, Current Mhz: 1800, Mhz Limit: 1800
Processor Information for processor 1
  Max Mhz: 1800, Current Mhz: 1800, Mhz Limit: 1800
Processor Information for processor 2
  Max Mhz: 1800, Current Mhz: 1800, Mhz Limit: 1800
Processor Information for processor 3
  Max Mhz: 1800, Current Mhz: 1800, Mhz Limit: 1800
Processor Information for processor 4
  Max Mhz: 1800, Current Mhz: 1800, Mhz Limit: 1800
Processor Information for processor 5
  Max Mhz: 1800, Current Mhz: 1800, Mhz Limit: 1800
Processor Information for processor 6
  Max Mhz: 1800, Current Mhz: 1800, Mhz Limit: 1800
Processor Information for processor 7
  Max Mhz: 1800, Current Mhz: 1800, Mhz Limit: 1800
Processor Information for processor 8
  Max Mhz: 1800, Current Mhz: 1500, Mhz Limit: 1800
Processor Information for processor 9
  Max Mhz: 1800, Current Mhz: 1800, Mhz Limit: 1800
Processor Information for processor 10
  Max Mhz: 1800, Current Mhz: 1800, Mhz Limit: 1800
Processor Information for processor 11
  Max Mhz: 1800, Current Mhz: 1800, Mhz Limit: 1800

Memory: 4k page, system-wide physical 16068M (2984M free)
TotalPageFile size 38596M (AvailPageFile size 14907M)
current process WorkingSet (physical memory assigned to process): 49M, peak: 50M
current process commit charge ("private bytes"): 345M, peak: 346M

vm_info: OpenJDK 64-Bit Server VM (21.0.6+7-LTS) for windows-amd64 JRE (21.0.6+7-LTS), built on 2025-01-21T00:00:00Z by "admin" with MS VC++ 17.7 (VS2022)

END.
